Using pre-set license
Built from '2020.3/release' branch; Version is '2020.3.11f1 (82d82673b) revision 8575014'; Using compiler version '192428320'; Build Type 'Release'
OS: 'Windows 10 Pro; OS build 19043.1706; Version 2009; 64bit' Language: 'zh' Physical Memory: 32107 MB
BatchMode: 1, IsHumanControllingUs: 0, StartBugReporterOnCrash: 0, Is64bit: 1, IsPro: 0

 COMMAND LINE ARGUMENTS:
D:\unity\WindowsEditor\Unity.exe
-adb2
-batchMode
-noUpm
-name
AssetImportWorker0
-projectPath
E:/Unity/MyGame
-logFile
Logs/AssetImportWorker0.log
-srvPort
61797
Successfully changed project path to: E:/Unity/MyGame
E:/Unity/MyGame
Using Asset Import Pipeline V2.
Refreshing native plugins compatible for Editor in 61.51 ms, found 2 plugins.
Preloading 0 native plugins for Editor in 0.00 ms.
Initialize engine version: 2020.3.11f1 (82d82673b)
[Subsystems] Discovering subsystems at path D:/unity/WindowsEditor/Data/Resources/UnitySubsystems
[Subsystems] Discovering subsystems at path E:/Unity/MyGame/Assets
GfxDevice: creating device client; threaded=0
Direct3D:
    Version:  Direct3D 11.0 [level 11.1]
    Renderer: NVIDIA GeForce RTX 3060 (ID=0x2504)
    Vendor:   
    VRAM:     12142 MB
    Driver:   30.0.15.1179
Shader 'Universal Render Pipeline/Particles/Lit': fallback shader 'Universal Render Pipeline/Particles/SimpleLit' not found
Initialize mono
Mono path[0] = 'D:/unity/WindowsEditor/Data/Managed'
Mono path[1] = 'D:/unity/WindowsEditor/Data/MonoBleedingEdge/lib/mono/unityjit'
Mono config path = 'D:/unity/WindowsEditor/Data/MonoBleedingEdge/etc'
Using monoOptions --debugger-agent=transport=dt_socket,embedding=1,server=y,suspend=n,address=127.0.0.1:56496
Begin MonoManager ReloadAssembly
Registering precompiled unity dll's ...
Register platform support module: D:/unity/WindowsStandaloneSupport/UnityEditor.WindowsStandalone.Extensions.dll
Registered in 0.001109 seconds.
Native extension for WindowsStandalone target not found
Refreshing native plugins compatible for Editor in 42.75 ms, found 2 plugins.
Preloading 0 native plugins for Editor in 0.00 ms.
Mono: successfully reloaded assembly
- Completed reload, in  0.782 seconds
Platform modules already initialized, skipping
Registering precompiled user dll's ...
Registered in 0.003865 seconds.
Begin MonoManager ReloadAssembly
Native extension for WindowsStandalone target not found
Refreshing native plugins compatible for Editor in 44.60 ms, found 2 plugins.
Preloading 0 native plugins for Editor in 0.00 ms.
Mono: successfully reloaded assembly
- Completed reload, in  0.951 seconds
Platform modules already initialized, skipping
========================================================================
Worker process is ready to serve import requests
Shader 'Universal Render Pipeline/Particles/Lit': fallback shader 'Universal Render Pipeline/Particles/SimpleLit' not found
Launched and connected shader compiler UnityShaderCompiler.exe after 0.06 seconds
Refreshing native plugins compatible for Editor in 0.94 ms, found 2 plugins.
Preloading 0 native plugins for Editor in 0.00 ms.
Unloading 2692 Unused Serialized files (Serialized files now loaded: 0)
System memory in use before: 122.3 MB.
System memory in use after: 122.5 MB.

Unloading 19 unused Assets to reduce memory usage. Loaded Objects now: 3124.
Total: 2.346800 ms (FindLiveObjects: 0.269100 ms CreateObjectMapping: 0.065800 ms MarkObjects: 1.945000 ms  DeleteObjects: 0.065700 ms)

========================================================================
Received Import Request.
  path: Assets/Readme.asset
  artifactKey: Guid(83c2ed844a8c74b779a4c823d16594b1) Importer(815301076,1909f56bfc062723c751e8b465ee728b)
Start importing Assets/Readme.asset using Guid(83c2ed844a8c74b779a4c823d16594b1) Importer(815301076,1909f56bfc062723c751e8b465ee728b)  -> (artifact id: '8ffd2c44ffeb50c574abb5d0c4453328') in 0.050446 seconds
  Import took 0.054447 seconds .

========================================================================
Received Import Request.
  Time since last request: 0.003804 seconds.
  path: Assets/Readme.asset
  artifactKey: Guid(83c2ed844a8c74b779a4c823d16594b1) Importer(815301076,1909f56bfc062723c751e8b465ee728b)
Start importing Assets/Readme.asset using Guid(83c2ed844a8c74b779a4c823d16594b1) Importer(815301076,1909f56bfc062723c751e8b465ee728b)  -> (artifact id: '8ffd2c44ffeb50c574abb5d0c4453328') in 0.004762 seconds
  Import took 0.009957 seconds .

========================================================================
Received Import Request.
  Time since last request: 438.493912 seconds.
  path: Assets/Scenes
  artifactKey: Guid(0734d3fe1c4cdaa40b24cf7aa85ebd3b) Importer(815301076,1909f56bfc062723c751e8b465ee728b)
Start importing Assets/Scenes using Guid(0734d3fe1c4cdaa40b24cf7aa85ebd3b) Importer(815301076,1909f56bfc062723c751e8b465ee728b)  -> (artifact id: '72a106742ce97b601cea3c957af88cfc') in 0.002244 seconds
  Import took 0.006166 seconds .

========================================================================
Received Import Request.
  Time since last request: 0.000706 seconds.
  path: Assets/Scenes
  artifactKey: Guid(0734d3fe1c4cdaa40b24cf7aa85ebd3b) Importer(815301076,1909f56bfc062723c751e8b465ee728b)
Start importing Assets/Scenes using Guid(0734d3fe1c4cdaa40b24cf7aa85ebd3b) Importer(815301076,1909f56bfc062723c751e8b465ee728b)  -> (artifact id: '72a106742ce97b601cea3c957af88cfc') in 0.001796 seconds
  Import took 0.005306 seconds .

AssetImportWorkerClient::OnTransportError - code=2 error=End of file
